[DEBUG] keyAtPosition: a not found in defsrc or out of bounds
[DEBUG] keyAtPosition: s not found in defsrc or out of bounds
[DEBUG] keyAtPosition: d not found in defsrc or out of bounds
[DEBUG] keyAtPosition: f not found in defsrc or out of bounds
[DEBUG] keyAtPosition: g not found in defsrc or out of bounds
[DEBUG] keyAtPosition: h not found in defsrc or out of bounds
[DEBUG] keyAtPosition: j not found in defsrc or out of bounds
[DEBUG] keyAtPosition: k not found in defsrc or out of bounds
[DEBUG] keyAtPosition: l not found in defsrc or out of bounds
[DEBUG] keyAtPosition: ; not found in defsrc or out of bounds
[DEBUG] keyAtPosition: a not found in defsrc or out of bounds
[DEBUG] keyAtPosition: s not found in defsrc or out of bounds
[DEBUG] keyAtPosition: d not found in defsrc or out of bounds
[DEBUG] keyAtPosition: f not found in defsrc or out of bounds
[DEBUG] keyAtPosition: g not found in defsrc or out of bounds
[DEBUG] keyAtPosition: h not found in defsrc or out of bounds
[DEBUG] keyAtPosition: j not found in defsrc or out of bounds
[DEBUG] keyAtPosition: k not found in defsrc or out of bounds
[DEBUG] keyAtPosition: l not found in defsrc or out of bounds
[DEBUG] keyAtPosition: ; not found in defsrc or out of bounds
[DEBUG] keyAtPosition: f not found in defsrc or out of bounds
[DEBUG] keyAtPosition: spc not found in defsrc or out of bounds
[DEBUG] keyAtPosition: a not found in defsrc or out of bounds
[DEBUG] keyAtPosition: s not found in defsrc or out of bounds
[DEBUG] keyAtPosition: d not found in defsrc or out of bounds
[DEBUG] keyAtPosition: f not found in defsrc or out of bounds
[DEBUG] keyAtPosition: g not found in defsrc or out of bounds
[DEBUG] keyAtPosition: h not found in defsrc or out of bounds
[DEBUG] keyAtPosition: j not found in defsrc or out of bounds
[DEBUG] keyAtPosition: k not found in defsrc or out of bounds
[DEBUG] keyAtPosition: l not found in defsrc or out of bounds
[DEBUG] keyAtPosition: ; not found in defsrc or out of bounds
[DEBUG] parseAliases: Processing 69 tokens
[DEBUG] parseAliases: All tokens: ["defalias", "shift", "lsft", "control", "lctl", "option", "lalt", "command", "lmet", "rshift", "rsft", "rcontrol", "rctl", "roption", "ralt", "rcommand", "rmet", "tap", "(multi (layer-switch nomods) (on-idle-fakekey to-base tap 20) )", "esc", "(tap-hold-release-keys 150 200 esc (caps-word 2000) ())", "spc", "(tap-hold-release-keys $tap-time $hold-time (multi spc @tap) (layer-toggle f-nav) ())", "a", "(tap-hold-release-keys $a-tap-time $a-hold-time (multi a @tap) @shift $left-hand-keys)", "s", "(tap-hold-release-keys $tap-time $hold-time (multi s @tap) @control $left-hand-keys)", "d", "(tap-hold-release-keys $tap-time $hold-time (multi d @tap) @option $left-hand-keys)", "f", "(tap-hold-release-keys $tap-time $hold-time (multi f @tap) (layer-toggle f-nav) $left-hand-keys)", "g", "(tap-hold-release-keys $tap-time $hold-time (multi g @tap) @command $left-hand-keys)", "j", "(tap-hold-release-keys $tap-time $hold-time (multi j @tap) @rcommand $right-hand-keys)", "k", "(tap-hold-release-keys $tap-time $hold-time (multi k @tap) @roption $right-hand-keys)", "l", "(tap-hold-release-keys $tap-time $hold-time (multi l @tap) @rcontrol $right-hand-keys)", ";", "(tap-hold-release-keys $tap-time $hold-time (multi ; @tap) @rshift $right-hand-keys)", "fnav_h", "left", "fnav_j", "down", "fnav_k", "up", "fnav_l", "right", "fnav_w", "A-right", "fnav_b", "A-left", "fnav_u", "C-A-S-M-u", "fast_h", "M-left", "fast_j", "pgdn", "fast_k", "pgup", "fast_l", "M-right", "fast_w", "A-right", "fast_b", "A-left", "fast_u", "C-A-S-M-u"]
[DEBUG] parseAliases: index=1, name='shift', definition='lsft'
[DEBUG] parseAliases: Simple alias, advancing from index 1 to 3
[DEBUG] parseAliases: Added alias 'shift' -> 'lsft'
[DEBUG] parseAliases: index=3, name='control', definition='lctl'
[DEBUG] parseAliases: Simple alias, advancing from index 3 to 5
[DEBUG] parseAliases: Added alias 'control' -> 'lctl'
[DEBUG] parseAliases: index=5, name='option', definition='lalt'
[DEBUG] parseAliases: Simple alias, advancing from index 5 to 7
[DEBUG] parseAliases: Added alias 'option' -> 'lalt'
[DEBUG] parseAliases: index=7, name='command', definition='lmet'
[DEBUG] parseAliases: Simple alias, advancing from index 7 to 9
[DEBUG] parseAliases: Added alias 'command' -> 'lmet'
[DEBUG] parseAliases: index=9, name='rshift', definition='rsft'
[DEBUG] parseAliases: Simple alias, advancing from index 9 to 11
[DEBUG] parseAliases: Added alias 'rshift' -> 'rsft'
[DEBUG] parseAliases: index=11, name='rcontrol', definition='rctl'
[DEBUG] parseAliases: Simple alias, advancing from index 11 to 13
[DEBUG] parseAliases: Added alias 'rcontrol' -> 'rctl'
[DEBUG] parseAliases: index=13, name='roption', definition='ralt'
[DEBUG] parseAliases: Simple alias, advancing from index 13 to 15
[DEBUG] parseAliases: Added alias 'roption' -> 'ralt'
[DEBUG] parseAliases: index=15, name='rcommand', definition='rmet'
[DEBUG] parseAliases: Simple alias, advancing from index 15 to 17
[DEBUG] parseAliases: Added alias 'rcommand' -> 'rmet'
[DEBUG] parseAliases: index=17, name='tap', definition='(multi (layer-switch nomods) (on-idle-fakekey to-base tap 20) )'
[DEBUG] parseAliases: Simple alias, advancing from index 17 to 19
[DEBUG] parseAliases: Added alias 'tap' -> '(multi (layer-switch nomods) (on-idle-fakekey to-base tap 20) )'
[DEBUG] parseAliases: index=19, name='esc', definition='(tap-hold-release-keys 150 200 esc (caps-word 2000) ())'
[DEBUG] parseAliases: Simple alias, advancing from index 19 to 21
[DEBUG] parseAliases: Added alias 'esc' -> '(tap-hold-release-keys 150 200 esc (caps-word 2000) ())'
[DEBUG] parseAliases: index=21, name='spc', definition='(tap-hold-release-keys $tap-time $hold-time (multi spc @tap) (layer-toggle f-nav) ())'
[DEBUG] parseAliases: Simple alias, advancing from index 21 to 23
[DEBUG] parseAliases: Added alias 'spc' -> '(tap-hold-release-keys $tap-time $hold-time (multi spc @tap) (layer-toggle f-nav) ())'
[DEBUG] parseAliases: index=23, name='a', definition='(tap-hold-release-keys $a-tap-time $a-hold-time (multi a @tap) @shift $left-hand-keys)'
[DEBUG] parseAliases: Simple alias, advancing from index 23 to 25
[DEBUG] parseAliases: Added alias 'a' -> '(tap-hold-release-keys $a-tap-time $a-hold-time (multi a @tap) @shift $left-hand-keys)'
[DEBUG] parseAliases: index=25, name='s', definition='(tap-hold-release-keys $tap-time $hold-time (multi s @tap) @control $left-hand-keys)'
[DEBUG] parseAliases: Simple alias, advancing from index 25 to 27
[DEBUG] parseAliases: Added alias 's' -> '(tap-hold-release-keys $tap-time $hold-time (multi s @tap) @control $left-hand-keys)'
[DEBUG] parseAliases: index=27, name='d', definition='(tap-hold-release-keys $tap-time $hold-time (multi d @tap) @option $left-hand-keys)'
[DEBUG] parseAliases: Simple alias, advancing from index 27 to 29
[DEBUG] parseAliases: Added alias 'd' -> '(tap-hold-release-keys $tap-time $hold-time (multi d @tap) @option $left-hand-keys)'
[DEBUG] parseAliases: index=29, name='f', definition='(tap-hold-release-keys $tap-time $hold-time (multi f @tap) (layer-toggle f-nav) $left-hand-keys)'
[DEBUG] parseAliases: Simple alias, advancing from index 29 to 31
[DEBUG] parseAliases: Added alias 'f' -> '(tap-hold-release-keys $tap-time $hold-time (multi f @tap) (layer-toggle f-nav) $left-hand-keys)'
[DEBUG] parseAliases: index=31, name='g', definition='(tap-hold-release-keys $tap-time $hold-time (multi g @tap) @command $left-hand-keys)'
[DEBUG] parseAliases: Simple alias, advancing from index 31 to 33
[DEBUG] parseAliases: Added alias 'g' -> '(tap-hold-release-keys $tap-time $hold-time (multi g @tap) @command $left-hand-keys)'
[DEBUG] parseAliases: index=33, name='j', definition='(tap-hold-release-keys $tap-time $hold-time (multi j @tap) @rcommand $right-hand-keys)'
[DEBUG] parseAliases: Simple alias, advancing from index 33 to 35
[DEBUG] parseAliases: Added alias 'j' -> '(tap-hold-release-keys $tap-time $hold-time (multi j @tap) @rcommand $right-hand-keys)'
[DEBUG] parseAliases: index=35, name='k', definition='(tap-hold-release-keys $tap-time $hold-time (multi k @tap) @roption $right-hand-keys)'
[DEBUG] parseAliases: Simple alias, advancing from index 35 to 37
[DEBUG] parseAliases: Added alias 'k' -> '(tap-hold-release-keys $tap-time $hold-time (multi k @tap) @roption $right-hand-keys)'
[DEBUG] parseAliases: index=37, name='l', definition='(tap-hold-release-keys $tap-time $hold-time (multi l @tap) @rcontrol $right-hand-keys)'
[DEBUG] parseAliases: Simple alias, advancing from index 37 to 39
[DEBUG] parseAliases: Added alias 'l' -> '(tap-hold-release-keys $tap-time $hold-time (multi l @tap) @rcontrol $right-hand-keys)'
[DEBUG] parseAliases: index=39, name=';', definition='(tap-hold-release-keys $tap-time $hold-time (multi ; @tap) @rshift $right-hand-keys)'
[DEBUG] parseAliases: Simple alias, advancing from index 39 to 41
[DEBUG] parseAliases: Added alias ';' -> '(tap-hold-release-keys $tap-time $hold-time (multi ; @tap) @rshift $right-hand-keys)'
[DEBUG] parseAliases: index=41, name='fnav_h', definition='left'
[DEBUG] parseAliases: Simple alias, advancing from index 41 to 43
[DEBUG] parseAliases: Added alias 'fnav_h' -> 'left'
[DEBUG] parseAliases: index=43, name='fnav_j', definition='down'
[DEBUG] parseAliases: Simple alias, advancing from index 43 to 45
[DEBUG] parseAliases: Added alias 'fnav_j' -> 'down'
[DEBUG] parseAliases: index=45, name='fnav_k', definition='up'
[DEBUG] parseAliases: Simple alias, advancing from index 45 to 47
[DEBUG] parseAliases: Added alias 'fnav_k' -> 'up'
[DEBUG] parseAliases: index=47, name='fnav_l', definition='right'
[DEBUG] parseAliases: Simple alias, advancing from index 47 to 49
[DEBUG] parseAliases: Added alias 'fnav_l' -> 'right'
[DEBUG] parseAliases: index=49, name='fnav_w', definition='A-right'
[DEBUG] parseAliases: Simple alias, advancing from index 49 to 51
[DEBUG] parseAliases: Added alias 'fnav_w' -> 'A-right'
[DEBUG] parseAliases: index=51, name='fnav_b', definition='A-left'
[DEBUG] parseAliases: Simple alias, advancing from index 51 to 53
[DEBUG] parseAliases: Added alias 'fnav_b' -> 'A-left'
[DEBUG] parseAliases: index=53, name='fnav_u', definition='C-A-S-M-u'
[DEBUG] parseAliases: Simple alias, advancing from index 53 to 55
[DEBUG] parseAliases: Added alias 'fnav_u' -> 'C-A-S-M-u'
[DEBUG] parseAliases: index=55, name='fast_h', definition='M-left'
[DEBUG] parseAliases: Simple alias, advancing from index 55 to 57
[DEBUG] parseAliases: Added alias 'fast_h' -> 'M-left'
[DEBUG] parseAliases: index=57, name='fast_j', definition='pgdn'
[DEBUG] parseAliases: Simple alias, advancing from index 57 to 59
[DEBUG] parseAliases: Added alias 'fast_j' -> 'pgdn'
[DEBUG] parseAliases: index=59, name='fast_k', definition='pgup'
[DEBUG] parseAliases: Simple alias, advancing from index 59 to 61
[DEBUG] parseAliases: Added alias 'fast_k' -> 'pgup'
[DEBUG] parseAliases: index=61, name='fast_l', definition='M-right'
[DEBUG] parseAliases: Simple alias, advancing from index 61 to 63
[DEBUG] parseAliases: Added alias 'fast_l' -> 'M-right'
[DEBUG] parseAliases: index=63, name='fast_w', definition='A-right'
[DEBUG] parseAliases: Simple alias, advancing from index 63 to 65
[DEBUG] parseAliases: Added alias 'fast_w' -> 'A-right'
[DEBUG] parseAliases: index=65, name='fast_b', definition='A-left'
[DEBUG] parseAliases: Simple alias, advancing from index 65 to 67
[DEBUG] parseAliases: Added alias 'fast_b' -> 'A-left'
[DEBUG] parseAliases: index=67, name='fast_u', definition='C-A-S-M-u'
[DEBUG] parseAliases: Simple alias, advancing from index 67 to 69
[DEBUG] parseAliases: Added alias 'fast_u' -> 'C-A-S-M-u'
[DEBUG] parseAliases: Finished, processed 34 aliases
Loaded config 'config.kbd' with 4 layers
DEBUG: Loaded 34 aliases:
  ; -> (tap-hold-release-keys $tap-time $hold-time (multi ; @tap) @rshift $right-hand-keys)
  a -> (tap-hold-release-keys $a-tap-time $a-hold-time (multi a @tap) @shift $left-hand-keys)
  command -> lmet
  control -> lctl
  d -> (tap-hold-release-keys $tap-time $hold-time (multi d @tap) @option $left-hand-keys)
  esc -> (tap-hold-release-keys 150 200 esc (caps-word 2000) ())
  f -> (tap-hold-release-keys $tap-time $hold-time (multi f @tap) (layer-toggle f-nav) $left-hand-keys)
  fast_b -> A-left
  fast_h -> M-left
  fast_j -> pgdn
  fast_k -> pgup
  fast_l -> M-right
  fast_u -> C-A-S-M-u
  fast_w -> A-right
  fnav_b -> A-left
  fnav_h -> left
  fnav_j -> down
  fnav_k -> up
  fnav_l -> right
  fnav_u -> C-A-S-M-u
  fnav_w -> A-right
  g -> (tap-hold-release-keys $tap-time $hold-time (multi g @tap) @command $left-hand-keys)
  j -> (tap-hold-release-keys $tap-time $hold-time (multi j @tap) @rcommand $right-hand-keys)
  k -> (tap-hold-release-keys $tap-time $hold-time (multi k @tap) @roption $right-hand-keys)
  l -> (tap-hold-release-keys $tap-time $hold-time (multi l @tap) @rcontrol $right-hand-keys)
  option -> lalt
  rcommand -> rmet
  rcontrol -> rctl
  roption -> ralt
  rshift -> rsft
  s -> (tap-hold-release-keys $tap-time $hold-time (multi s @tap) @control $left-hand-keys)
  shift -> lsft
  spc -> (tap-hold-release-keys $tap-time $hold-time (multi spc @tap) (layer-toggle f-nav) ())
  tap -> (multi (layer-switch nomods) (on-idle-fakekey to-base tap 20) )
DEBUG: Found 7 fnav aliases:
  fnav_b -> A-left
  fnav_h -> left
  fnav_j -> down
  fnav_k -> up
  fnav_l -> right
  fnav_u -> C-A-S-M-u
  fnav_w -> A-right
DEBUG: f-nav layer has 33 keys
  [15] @fnav_h
  [16] @fnav_j
  [17] @fnav_k
  [18] @fnav_l
  [24] @fnav_b
[DEBUG] keyAtPosition: a -> layerKey=@a, aliasName=a, alias=(tap-hold-release-keys $a-tap-time $a-hold-time (multi a @tap) @shift $left-hand-keys)
[DEBUG] keyAtPosition: s -> layerKey=@s, aliasName=s, alias=(tap-hold-release-keys $tap-time $hold-time (multi s @tap) @control $left-hand-keys)
[DEBUG] keyAtPosition: d -> layerKey=@d, aliasName=d, alias=(tap-hold-release-keys $tap-time $hold-time (multi d @tap) @option $left-hand-keys)
[DEBUG] keyAtPosition: f -> layerKey=@f, aliasName=f, alias=(tap-hold-release-keys $tap-time $hold-time (multi f @tap) (layer-toggle f-nav) $left-hand-keys)
[DEBUG] keyAtPosition: g -> layerKey=@g, aliasName=g, alias=(tap-hold-release-keys $tap-time $hold-time (multi g @tap) @command $left-hand-keys)
[DEBUG] keyAtPosition: j -> layerKey=@j, aliasName=j, alias=(tap-hold-release-keys $tap-time $hold-time (multi j @tap) @rcommand $right-hand-keys)
[DEBUG] keyAtPosition: k -> layerKey=@k, aliasName=k, alias=(tap-hold-release-keys $tap-time $hold-time (multi k @tap) @roption $right-hand-keys)
[DEBUG] keyAtPosition: l -> layerKey=@l, aliasName=l, alias=(tap-hold-release-keys $tap-time $hold-time (multi l @tap) @rcontrol $right-hand-keys)
[DEBUG] keyAtPosition: ; -> layerKey=@;, aliasName=;, alias=(tap-hold-release-keys $tap-time $hold-time (multi ; @tap) @rshift $right-hand-keys)
[DEBUG] keyAtPosition: a -> layerKey=@a, aliasName=a, alias=(tap-hold-release-keys $a-tap-time $a-hold-time (multi a @tap) @shift $left-hand-keys)
[DEBUG] keyAtPosition: s -> layerKey=@s, aliasName=s, alias=(tap-hold-release-keys $tap-time $hold-time (multi s @tap) @control $left-hand-keys)
[DEBUG] keyAtPosition: d -> layerKey=@d, aliasName=d, alias=(tap-hold-release-keys $tap-time $hold-time (multi d @tap) @option $left-hand-keys)
[DEBUG] keyAtPosition: f -> layerKey=@f, aliasName=f, alias=(tap-hold-release-keys $tap-time $hold-time (multi f @tap) (layer-toggle f-nav) $left-hand-keys)
[DEBUG] keyAtPosition: g -> layerKey=@g, aliasName=g, alias=(tap-hold-release-keys $tap-time $hold-time (multi g @tap) @command $left-hand-keys)
[DEBUG] keyAtPosition: j -> layerKey=@j, aliasName=j, alias=(tap-hold-release-keys $tap-time $hold-time (multi j @tap) @rcommand $right-hand-keys)
[DEBUG] keyAtPosition: k -> layerKey=@k, aliasName=k, alias=(tap-hold-release-keys $tap-time $hold-time (multi k @tap) @roption $right-hand-keys)
[DEBUG] keyAtPosition: l -> layerKey=@l, aliasName=l, alias=(tap-hold-release-keys $tap-time $hold-time (multi l @tap) @rcontrol $right-hand-keys)
[DEBUG] keyAtPosition: ; -> layerKey=@;, aliasName=;, alias=(tap-hold-release-keys $tap-time $hold-time (multi ; @tap) @rshift $right-hand-keys)
[DEBUG] keyAtPosition: f -> layerKey=@f, aliasName=f, alias=(tap-hold-release-keys $tap-time $hold-time (multi f @tap) (layer-toggle f-nav) $left-hand-keys)
[DEBUG] keyAtPosition: spc -> layerKey=@spc, aliasName=spc, alias=(tap-hold-release-keys $tap-time $hold-time (multi spc @tap) (layer-toggle f-nav) ())
[DEBUG] keyAtPosition: f -> layerKey=@f, aliasName=f, alias=(tap-hold-release-keys $tap-time $hold-time (multi f @tap) (layer-toggle f-nav) $left-hand-keys)
[DEBUG] keyAtPosition: spc -> layerKey=@spc, aliasName=spc, alias=(tap-hold-release-keys $tap-time $hold-time (multi spc @tap) (layer-toggle f-nav) ())
[DEBUG] keyAtPosition: ; -> layerKey=@;, aliasName=;, alias=(tap-hold-release-keys $tap-time $hold-time (multi ; @tap) @rshift $right-hand-keys)
[DEBUG] keyAtPosition: l -> layerKey=@l, aliasName=l, alias=(tap-hold-release-keys $tap-time $hold-time (multi l @tap) @rcontrol $right-hand-keys)
[DEBUG] keyAtPosition: k -> layerKey=@k, aliasName=k, alias=(tap-hold-release-keys $tap-time $hold-time (multi k @tap) @roption $right-hand-keys)
[DEBUG] keyAtPosition: j -> layerKey=@j, aliasName=j, alias=(tap-hold-release-keys $tap-time $hold-time (multi j @tap) @rcommand $right-hand-keys)
[DEBUG] keyAtPosition: g -> layerKey=@g, aliasName=g, alias=(tap-hold-release-keys $tap-time $hold-time (multi g @tap) @command $left-hand-keys)
[DEBUG] keyAtPosition: f -> layerKey=@f, aliasName=f, alias=(tap-hold-release-keys $tap-time $hold-time (multi f @tap) (layer-toggle f-nav) $left-hand-keys)
[DEBUG] keyAtPosition: d -> layerKey=@d, aliasName=d, alias=(tap-hold-release-keys $tap-time $hold-time (multi d @tap) @option $left-hand-keys)
[DEBUG] keyAtPosition: s -> layerKey=@s, aliasName=s, alias=(tap-hold-release-keys $tap-time $hold-time (multi s @tap) @control $left-hand-keys)
[DEBUG] keyAtPosition: a -> layerKey=@a, aliasName=a, alias=(tap-hold-release-keys $a-tap-time $a-hold-time (multi a @tap) @shift $left-hand-keys)
[TCP] Connected to kanata
[TCP] Layer changed to: base
[DEBUG] keyAtPosition: a -> layerKey=@a, aliasName=a, alias=(tap-hold-release-keys $a-tap-time $a-hold-time (multi a @tap) @shift $left-hand-keys)
[DEBUG] keyAtPosition: s -> layerKey=@s, aliasName=s, alias=(tap-hold-release-keys $tap-time $hold-time (multi s @tap) @control $left-hand-keys)
[DEBUG] keyAtPosition: d -> layerKey=@d, aliasName=d, alias=(tap-hold-release-keys $tap-time $hold-time (multi d @tap) @option $left-hand-keys)
[DEBUG] keyAtPosition: f -> layerKey=@f, aliasName=f, alias=(tap-hold-release-keys $tap-time $hold-time (multi f @tap) (layer-toggle f-nav) $left-hand-keys)
[DEBUG] keyAtPosition: g -> layerKey=@g, aliasName=g, alias=(tap-hold-release-keys $tap-time $hold-time (multi g @tap) @command $left-hand-keys)
[DEBUG] keyAtPosition: j -> layerKey=@j, aliasName=j, alias=(tap-hold-release-keys $tap-time $hold-time (multi j @tap) @rcommand $right-hand-keys)
[DEBUG] keyAtPosition: k -> layerKey=@k, aliasName=k, alias=(tap-hold-release-keys $tap-time $hold-time (multi k @tap) @roption $right-hand-keys)
[DEBUG] keyAtPosition: l -> layerKey=@l, aliasName=l, alias=(tap-hold-release-keys $tap-time $hold-time (multi l @tap) @rcontrol $right-hand-keys)
[DEBUG] keyAtPosition: ; -> layerKey=@;, aliasName=;, alias=(tap-hold-release-keys $tap-time $hold-time (multi ; @tap) @rshift $right-hand-keys)
[DEBUG] keyAtPosition: a -> layerKey=@a, aliasName=a, alias=(tap-hold-release-keys $a-tap-time $a-hold-time (multi a @tap) @shift $left-hand-keys)
[DEBUG] keyAtPosition: s -> layerKey=@s, aliasName=s, alias=(tap-hold-release-keys $tap-time $hold-time (multi s @tap) @control $left-hand-keys)
[DEBUG] keyAtPosition: d -> layerKey=@d, aliasName=d, alias=(tap-hold-release-keys $tap-time $hold-time (multi d @tap) @option $left-hand-keys)
[DEBUG] keyAtPosition: f -> layerKey=@f, aliasName=f, alias=(tap-hold-release-keys $tap-time $hold-time (multi f @tap) (layer-toggle f-nav) $left-hand-keys)
[DEBUG] keyAtPosition: g -> layerKey=@g, aliasName=g, alias=(tap-hold-release-keys $tap-time $hold-time (multi g @tap) @command $left-hand-keys)
[DEBUG] keyAtPosition: j -> layerKey=@j, aliasName=j, alias=(tap-hold-release-keys $tap-time $hold-time (multi j @tap) @rcommand $right-hand-keys)
[DEBUG] keyAtPosition: k -> layerKey=@k, aliasName=k, alias=(tap-hold-release-keys $tap-time $hold-time (multi k @tap) 